<?xml version="1.0" encoding="UTF-8"?>
<!-- Generated by org.testng.reporters.JUnitXMLReporter -->
<testsuite ignored="0" hostname="DESKTOP-98LH4AI" failures="0" tests="4" name="Default test" time="0.077" errors="0" timestamp="05 Mar 2021 04:55:15 GMT">
  <testcase classname="com.testng.org.DataproviderTest" name="credential" time="0.014"/>
  <testcase classname="com.testng.org.DataproviderTest" name="credential" time="0.002"/>
  <testcase classname="com.testng.org.DataproviderTest" name="credential" time="0.002"/>
  <testcase classname="com.testng.org.DataproviderTest" name="credential" time="0.004"/>
</testsuite> <!-- Default test -->
